<?xml version="1.0" encoding="UTF-8"?>
<!-- Generated by org.testng.reporters.JUnitReportReporter -->
<testsuite hostname="BRILAP1776" failures="0" tests="3" name="com.brillio.test.LoginTest" time="72.171" errors="0" timestamp="2022-06-03T10:31:09 IST" skipped="0">
  <testcase classname="com.brillio.test.LoginTest" name="validCredentialTest" time="21.644"/>
  <system-out/>
  <testcase classname="com.brillio.test.LoginTest" name="validCredentialTest" time="31.333"/>
  <system-out/>
  <testcase classname="com.brillio.test.LoginTest" name="validCredentialTest" time="19.194"/>
  <system-out/>
</testsuite> <!-- com.brillio.test.LoginTest -->
