<?xml version="1.0" encoding="UTF-8"?>
<!-- Generated by org.testng.reporters.JUnitReportReporter -->
<testsuite hostname="BRILAP1776" failures="0" tests="2" name="com.brillio.test.LoginUITest" time="28.480" errors="0" timestamp="2022-06-03T09:00:17 IST" skipped="0">
  <testcase classname="com.brillio.test.LoginUITest" name="validateTitleTest" time="12.007"/>
  <system-out/>
  <testcase classname="com.brillio.test.LoginUITest" name="validateTitleTest" time="16.473"/>
  <system-out/>
</testsuite> <!-- com.brillio.test.LoginUITest -->
