<?xml version="1.0" encoding="UTF-8"?>
<!-- Generated by org.testng.reporters.JUnitReportReporter -->
<testsuite hostname="BRILAP1776" failures="0" tests="6" name="com.brillio.test.LoginTest" time="96.280" errors="0" timestamp="2022-06-02T09:03:54 IST" skipped="0">
  <testcase classname="com.brillio.test.LoginTest" name="invalidCredentialTest" time="11.171"/>
  <system-out/>
  <testcase classname="com.brillio.test.LoginTest" name="validCredentialTest" time="24.872"/>
  <system-out/>
  <testcase classname="com.brillio.test.LoginTest" name="validCredentialTest" time="17.681"/>
  <system-out/>
  <testcase classname="com.brillio.test.LoginTest" name="invalidCredentialTest" time="12.914"/>
  <system-out/>
  <testcase classname="com.brillio.test.LoginTest" name="invalidCredentialTest" time="11.565"/>
  <system-out/>
  <testcase classname="com.brillio.test.LoginTest" name="validCredentialTest" time="18.077"/>
  <system-out/>
</testsuite> <!-- com.brillio.test.LoginTest -->
