<?xml version="1.0" encoding="UTF-8"?>
<!-- Generated by org.testng.reporters.JUnitReportReporter -->
<testsuite hostname="BRILAP1776" failures="0" tests="1" name="com.brillio.test.LoginTest" time="19.481" errors="0" timestamp="2022-05-31T09:52:22 IST" skipped="0">
  <testcase classname="com.brillio.test.LoginTest" name="invalidCredentialTest" time="19.481"/>
  <system-out/>
</testsuite> <!-- com.brillio.test.LoginTest -->
