<?xml version="1.0" encoding="UTF-8"?>
<!-- Generated by org.testng.reporters.JUnitReportReporter -->
<testsuite hostname="BRILAP1776" failures="0" tests="1" name="com.brillio.test.LoginTest" time="0.030" errors="0" timestamp="2022-05-30T12:17:51 IST" skipped="0">
  <testcase classname="com.brillio.test.LoginTest" name="validCredentialTest" time="0.030"/>
  <system-out/>
</testsuite> <!-- com.brillio.test.LoginTest -->
