<?xml version="1.0" encoding="UTF-8"?>
<!-- Generated by org.testng.reporters.JUnitReportReporter -->
<testsuite hostname="BRILAP1776" failures="0" tests="1" name="com.brillio.test.LoginUITest" time="15.341" errors="0" timestamp="2022-06-02T10:58:49 IST" skipped="0">
  <testcase classname="com.brillio.test.LoginUITest" name="validateTitleTest" time="15.341"/>
  <system-out/>
</testsuite> <!-- com.brillio.test.LoginUITest -->
