<?xml version="1.0" encoding="UTF-8"?>
<!-- Generated by org.testng.reporters.JUnitReportReporter -->
<testsuite hostname="BRILAP1776" failures="0" tests="3" name="com.brillio.test.LoginTest" time="43.795" errors="0" timestamp="2022-06-01T12:03:49 IST" skipped="0">
  <testcase classname="com.brillio.test.LoginTest" name="invalidCredentialTest" time="12.436"/>
  <system-out/>
  <testcase classname="com.brillio.test.LoginTest" name="invalidCredentialTest" time="17.860"/>
  <system-out/>
  <testcase classname="com.brillio.test.LoginTest" name="invalidCredentialTest" time="13.499"/>
  <system-out/>
</testsuite> <!-- com.brillio.test.LoginTest -->
