<?xml version="1.0" encoding="UTF-8"?>
<!-- Generated by org.testng.reporters.JUnitReportReporter -->
<testsuite hostname="BRILAP1776" failures="0" tests="1" name="com.brillio.test.LoginUITest" time="15.639" errors="0" timestamp="2022-05-31T11:37:26 IST" skipped="0">
  <testcase classname="com.brillio.test.LoginUITest" name="validateTitleTest" time="15.639"/>
  <system-out/>
</testsuite> <!-- com.brillio.test.LoginUITest -->
