<?xml version="1.0" encoding="UTF-8"?>
<!-- Generated by org.testng.reporters.JUnitReportReporter -->
<testsuite hostname="BRILAP1776" failures="0" tests="2" name="com.brillio.test.LoginTest" time="32.450" errors="0" timestamp="2022-05-31T11:38:34 IST" skipped="0">
  <testcase classname="com.brillio.test.LoginTest" name="invalidCredentialTest" time="12.627"/>
  <system-out/>
  <testcase classname="com.brillio.test.LoginTest" name="validCredentialTest" time="19.823"/>
  <system-out/>
</testsuite> <!-- com.brillio.test.LoginTest -->
