<?xml version="1.0" encoding="UTF-8"?>
<!-- Generated by org.testng.reporters.JUnitReportReporter -->
<testsuite hostname="BRILAP1776" failures="0" tests="3" name="com.brillio.test.LoginTest" time="52.490" errors="0" timestamp="2022-06-01T12:40:12 IST" skipped="0">
  <testcase classname="com.brillio.test.LoginTest" name="validCredentialTest" time="20.013"/>
  <system-out/>
  <testcase classname="com.brillio.test.LoginTest" name="validCredentialTest" time="15.243"/>
  <system-out/>
  <testcase classname="com.brillio.test.LoginTest" name="validCredentialTest" time="17.234"/>
  <system-out/>
</testsuite> <!-- com.brillio.test.LoginTest -->
