<?xml version="1.0" encoding="UTF-8"?>
<!-- Generated by org.testng.reporters.JUnitReportReporter -->
<testsuite hostname="BRILAP1776" failures="0" tests="3" name="com.brillio.test.LoginTest" time="47.328" errors="0" timestamp="2022-05-31T12:59:50 IST" skipped="0">
  <testcase classname="com.brillio.test.LoginTest" name="validCredentialTest" time="14.957"/>
  <system-out/>
  <testcase classname="com.brillio.test.LoginTest" name="validCredentialTest" time="18.566"/>
  <system-out/>
  <testcase classname="com.brillio.test.LoginTest" name="invalidCredentialTest" time="13.805"/>
  <system-out/>
</testsuite> <!-- com.brillio.test.LoginTest -->
